{"/home/mp-023/www/go-barber/mobile/src/assets/logo.png": {"path":"/home/mp-023/www/go-barber/mobile/src/assets/logo.png","statementMap":{"0":{"start":{"line":1,"column":0},"end":{"line":4,"column":6}}},"fnMap":{},"branchMap":{},"s":{"0":1},"f":{},"b":{},"inputSourceMap":null,"_coverageSchema":"1a1c01bbd47fc00a2c39e90264f33305004495a9","hash":"15516ce5fcb42bec85fc3d636e87615b1ac881c3"}
,"/home/mp-023/www/go-barber/mobile/src/components/Button/index.tsx": {"path":"/home/mp-023/www/go-barber/mobile/src/components/Button/index.tsx","statementMap":{"0":{"start":{"line":10,"column":38},"end":{"line":16,"column":1}},"1":{"start":{"line":11,"column":2},"end":{"line":15,"column":4}}},"fnMap":{"0":{"name":"(anonymous_0)","decl":{"start":{"line":10,"column":38},"end":{"line":10,"column":39}},"loc":{"start":{"line":10,"column":78},"end":{"line":16,"column":1}},"line":10}},"branchMap":{},"s":{"0":1,"1":1},"f":{"0":1},"b":{},"_coverageSchema":"1a1c01bbd47fc00a2c39e90264f33305004495a9","hash":"77720864a3572c02116a1cad78cfca7d27d1dd56"}
,"/home/mp-023/www/go-barber/mobile/src/components/Button/styles.ts": {"path":"/home/mp-023/www/go-barber/mobile/src/components/Button/styles.ts","statementMap":{"0":{"start":{"line":4,"column":25},"end":{"line":13,"column":1}},"1":{"start":{"line":15,"column":26},"end":{"line":19,"column":1}}},"fnMap":{},"branchMap":{},"s":{"0":1,"1":1},"f":{},"b":{},"_coverageSchema":"1a1c01bbd47fc00a2c39e90264f33305004495a9","hash":"aaaf6ec99e8e284960dd4010960c20fa967b3de7"}
,"/home/mp-023/www/go-barber/mobile/src/components/Input/index.tsx": {"path":"/home/mp-023/www/go-barber/mobile/src/components/Input/index.tsx","statementMap":{"0":{"start":{"line":29,"column":68},"end":{"line":97,"column":1}},"1":{"start":{"line":33,"column":26},"end":{"line":33,"column":43}},"2":{"start":{"line":35,"column":65},"end":{"line":35,"column":79}},"3":{"start":{"line":37,"column":24},"end":{"line":37,"column":76}},"4":{"start":{"line":39,"column":36},"end":{"line":39,"column":51}},"5":{"start":{"line":40,"column":34},"end":{"line":40,"column":49}},"6":{"start":{"line":42,"column":27},"end":{"line":44,"column":8}},"7":{"start":{"line":43,"column":4},"end":{"line":43,"column":23}},"8":{"start":{"line":46,"column":26},"end":{"line":50,"column":8}},"9":{"start":{"line":47,"column":4},"end":{"line":47,"column":24}},"10":{"start":{"line":49,"column":4},"end":{"line":49,"column":47}},"11":{"start":{"line":52,"column":2},"end":{"line":56,"column":6}},"12":{"start":{"line":52,"column":34},"end":{"line":56,"column":3}},"13":{"start":{"line":54,"column":6},"end":{"line":54,"column":38}},"14":{"start":{"line":58,"column":2},"end":{"line":73,"column":33}},"15":{"start":{"line":60,"column":4},"end":{"line":72,"column":7}},"16":{"start":{"line":65,"column":8},"end":{"line":65,"column":44}},"17":{"start":{"line":66,"column":8},"end":{"line":66,"column":64}},"18":{"start":{"line":69,"column":8},"end":{"line":69,"column":41}},"19":{"start":{"line":70,"column":8},"end":{"line":70,"column":40}},"20":{"start":{"line":75,"column":2},"end":{"line":96,"column":4}},"21":{"start":{"line":91,"column":10},"end":{"line":91,"column":46}}},"fnMap":{"0":{"name":"(anonymous_0)","decl":{"start":{"line":29,"column":68},"end":{"line":29,"column":69}},"loc":{"start":{"line":32,"column":5},"end":{"line":97,"column":1}},"line":32},"1":{"name":"(anonymous_1)","decl":{"start":{"line":42,"column":39},"end":{"line":42,"column":40}},"loc":{"start":{"line":42,"column":45},"end":{"line":44,"column":3}},"line":42},"2":{"name":"(anonymous_2)","decl":{"start":{"line":46,"column":38},"end":{"line":46,"column":39}},"loc":{"start":{"line":46,"column":44},"end":{"line":50,"column":3}},"line":46},"3":{"name":"(anonymous_3)","decl":{"start":{"line":52,"column":27},"end":{"line":52,"column":28}},"loc":{"start":{"line":52,"column":34},"end":{"line":56,"column":3}},"line":52},"4":{"name":"(anonymous_4)","decl":{"start":{"line":53,"column":4},"end":{"line":53,"column":5}},"loc":{"start":{"line":53,"column":12},"end":{"line":55,"column":5}},"line":53},"5":{"name":"(anonymous_5)","decl":{"start":{"line":58,"column":12},"end":{"line":58,"column":13}},"loc":{"start":{"line":58,"column":18},"end":{"line":73,"column":3}},"line":58},"6":{"name":"(anonymous_6)","decl":{"start":{"line":64,"column":6},"end":{"line":64,"column":7}},"loc":{"start":{"line":64,"column":41},"end":{"line":67,"column":7}},"line":64},"7":{"name":"(anonymous_7)","decl":{"start":{"line":68,"column":6},"end":{"line":68,"column":7}},"loc":{"start":{"line":68,"column":19},"end":{"line":71,"column":7}},"line":68},"8":{"name":"(anonymous_8)","decl":{"start":{"line":90,"column":22},"end":{"line":90,"column":23}},"loc":{"start":{"line":90,"column":41},"end":{"line":92,"column":9}},"line":90}},"branchMap":{"0":{"loc":{"start":{"line":30,"column":16},"end":{"line":30,"column":35}},"type":"default-arg","locations":[{"start":{"line":30,"column":33},"end":{"line":30,"column":35}}],"line":30},"1":{"loc":{"start":{"line":35,"column":25},"end":{"line":35,"column":42}},"type":"default-arg","locations":[{"start":{"line":35,"column":40},"end":{"line":35,"column":42}}],"line":35},"2":{"loc":{"start":{"line":80,"column":15},"end":{"line":80,"column":60}},"type":"cond-expr","locations":[{"start":{"line":80,"column":39},"end":{"line":80,"column":48}},{"start":{"line":80,"column":51},"end":{"line":80,"column":60}}],"line":80},"3":{"loc":{"start":{"line":80,"column":15},"end":{"line":80,"column":36}},"type":"binary-expr","locations":[{"start":{"line":80,"column":15},"end":{"line":80,"column":24}},{"start":{"line":80,"column":28},"end":{"line":80,"column":36}}],"line":80}},"s":{"0":1,"1":2,"2":2,"3":2,"4":2,"5":2,"6":2,"7":0,"8":2,"9":0,"10":0,"11":2,"12":1,"13":0,"14":2,"15":2,"16":0,"17":0,"18":0,"19":0,"20":2,"21":0},"f":{"0":2,"1":0,"2":0,"3":1,"4":0,"5":2,"6":0,"7":0,"8":0},"b":{"0":[2],"1":[2],"2":[0,2],"3":[2,2]},"_coverageSchema":"1a1c01bbd47fc00a2c39e90264f33305004495a9","hash":"2ff917464ed21740dee4f469dcc9937f79879c0f"}
,"/home/mp-023/www/go-barber/mobile/src/components/Input/styles.ts": {"path":"/home/mp-023/www/go-barber/mobile/src/components/Input/styles.ts","statementMap":{"0":{"start":{"line":9,"column":25},"end":{"line":29,"column":1}},"1":{"start":{"line":22,"column":13},"end":{"line":24,"column":3}},"2":{"start":{"line":26,"column":13},"end":{"line":28,"column":3}},"3":{"start":{"line":31,"column":25},"end":{"line":36,"column":1}},"4":{"start":{"line":38,"column":20},"end":{"line":40,"column":1}}},"fnMap":{"0":{"name":"(anonymous_0)","decl":{"start":{"line":22,"column":4},"end":{"line":22,"column":5}},"loc":{"start":{"line":22,"column":13},"end":{"line":24,"column":3}},"line":22},"1":{"name":"(anonymous_1)","decl":{"start":{"line":26,"column":4},"end":{"line":26,"column":5}},"loc":{"start":{"line":26,"column":13},"end":{"line":28,"column":3}},"line":26}},"branchMap":{"0":{"loc":{"start":{"line":22,"column":13},"end":{"line":24,"column":3}},"type":"binary-expr","locations":[{"start":{"line":22,"column":13},"end":{"line":22,"column":28}},{"start":{"line":22,"column":32},"end":{"line":24,"column":3}}],"line":22},"1":{"loc":{"start":{"line":26,"column":13},"end":{"line":28,"column":3}},"type":"binary-expr","locations":[{"start":{"line":26,"column":13},"end":{"line":26,"column":28}},{"start":{"line":26,"column":32},"end":{"line":28,"column":3}}],"line":26}},"s":{"0":1,"1":2,"2":2,"3":1,"4":1},"f":{"0":2,"1":2},"b":{"0":[2,0],"1":[2,0]},"_coverageSchema":"1a1c01bbd47fc00a2c39e90264f33305004495a9","hash":"af2fc8b4e55bd436937ed0176e8d481a98776045"}
,"/home/mp-023/www/go-barber/mobile/src/hooks/auth.tsx": {"path":"/home/mp-023/www/go-barber/mobile/src/hooks/auth.tsx","statementMap":{"0":{"start":{"line":36,"column":20},"end":{"line":36,"column":73}},"1":{"start":{"line":38,"column":31},"end":{"line":112,"column":1}},"2":{"start":{"line":39,"column":26},"end":{"line":39,"column":62}},"3":{"start":{"line":42,"column":32},"end":{"line":42,"column":46}},"4":{"start":{"line":45,"column":2},"end":{"line":65,"column":9}},"5":{"start":{"line":47,"column":28},"end":{"line":50,"column":8}},"6":{"start":{"line":52,"column":6},"end":{"line":59,"column":7}},"7":{"start":{"line":53,"column":8},"end":{"line":53,"column":66}},"8":{"start":{"line":55,"column":8},"end":{"line":58,"column":11}},"9":{"start":{"line":61,"column":6},"end":{"line":61,"column":24}},"10":{"start":{"line":64,"column":4},"end":{"line":64,"column":23}},"11":{"start":{"line":67,"column":17},"end":{"line":85,"column":8}},"12":{"start":{"line":68,"column":21},"end":{"line":71,"column":6}},"13":{"start":{"line":73,"column":4},"end":{"line":73,"column":26}},"14":{"start":{"line":75,"column":28},"end":{"line":75,"column":41}},"15":{"start":{"line":77,"column":4},"end":{"line":80,"column":7}},"16":{"start":{"line":82,"column":4},"end":{"line":82,"column":59}},"17":{"start":{"line":84,"column":4},"end":{"line":84,"column":29}},"18":{"start":{"line":87,"column":18},"end":{"line":91,"column":8}},"19":{"start":{"line":88,"column":4},"end":{"line":88,"column":74}},"20":{"start":{"line":90,"column":4},"end":{"line":90,"column":29}},"21":{"start":{"line":93,"column":21},"end":{"line":103,"column":3}},"22":{"start":{"line":95,"column":6},"end":{"line":95,"column":73}},"23":{"start":{"line":97,"column":6},"end":{"line":100,"column":9}},"24":{"start":{"line":105,"column":2},"end":{"line":111,"column":4}},"25":{"start":{"line":115,"column":18},"end":{"line":115,"column":41}},"26":{"start":{"line":117,"column":2},"end":{"line":119,"column":3}},"27":{"start":{"line":118,"column":4},"end":{"line":118,"column":78}},"28":{"start":{"line":121,"column":2},"end":{"line":121,"column":17}}},"fnMap":{"0":{"name":"(anonymous_0)","decl":{"start":{"line":38,"column":31},"end":{"line":38,"column":32}},"loc":{"start":{"line":38,"column":49},"end":{"line":112,"column":1}},"line":38},"1":{"name":"(anonymous_1)","decl":{"start":{"line":45,"column":12},"end":{"line":45,"column":13}},"loc":{"start":{"line":45,"column":18},"end":{"line":65,"column":3}},"line":45},"2":{"name":"loadStoragedData","decl":{"start":{"line":46,"column":19},"end":{"line":46,"column":35}},"loc":{"start":{"line":46,"column":53},"end":{"line":62,"column":5}},"line":46},"3":{"name":"(anonymous_3)","decl":{"start":{"line":67,"column":29},"end":{"line":67,"column":30}},"loc":{"start":{"line":67,"column":60},"end":{"line":85,"column":3}},"line":67},"4":{"name":"(anonymous_4)","decl":{"start":{"line":87,"column":30},"end":{"line":87,"column":31}},"loc":{"start":{"line":87,"column":42},"end":{"line":91,"column":3}},"line":87},"5":{"name":"(anonymous_5)","decl":{"start":{"line":94,"column":4},"end":{"line":94,"column":5}},"loc":{"start":{"line":94,"column":26},"end":{"line":101,"column":5}},"line":94},"6":{"name":"useAuth","decl":{"start":{"line":114,"column":9},"end":{"line":114,"column":16}},"loc":{"start":{"line":114,"column":36},"end":{"line":122,"column":1}},"line":114}},"branchMap":{"0":{"loc":{"start":{"line":52,"column":6},"end":{"line":59,"column":7}},"type":"if","locations":[{"start":{"line":52,"column":6},"end":{"line":59,"column":7}},{"start":{"line":52,"column":6},"end":{"line":59,"column":7}}],"line":52},"1":{"loc":{"start":{"line":52,"column":10},"end":{"line":52,"column":29}},"type":"binary-expr","locations":[{"start":{"line":52,"column":10},"end":{"line":52,"column":18}},{"start":{"line":52,"column":22},"end":{"line":52,"column":29}}],"line":52},"2":{"loc":{"start":{"line":117,"column":2},"end":{"line":119,"column":3}},"type":"if","locations":[{"start":{"line":117,"column":2},"end":{"line":119,"column":3}},{"start":{"line":117,"column":2},"end":{"line":119,"column":3}}],"line":117}},"s":{"0":1,"1":1,"2":0,"3":0,"4":0,"5":0,"6":0,"7":0,"8":0,"9":0,"10":0,"11":0,"12":0,"13":0,"14":0,"15":0,"16":0,"17":0,"18":0,"19":0,"20":0,"21":0,"22":0,"23":0,"24":0,"25":1,"26":1,"27":0,"28":1},"f":{"0":0,"1":0,"2":0,"3":0,"4":0,"5":0,"6":1},"b":{"0":[0,0],"1":[0,0],"2":[0,1]},"_coverageSchema":"1a1c01bbd47fc00a2c39e90264f33305004495a9","hash":"8ed7705c4559cae6ea6dec44dc693efff5fff645"}
,"/home/mp-023/www/go-barber/mobile/src/pages/SignIn/index.tsx": {"path":"/home/mp-023/www/go-barber/mobile/src/pages/SignIn/index.tsx","statementMap":{"0":{"start":{"line":39,"column":15},"end":{"line":43,"column":2}},"1":{"start":{"line":49,"column":25},"end":{"line":171,"column":1}},"2":{"start":{"line":50,"column":21},"end":{"line":50,"column":36}},"3":{"start":{"line":52,"column":21},"end":{"line":52,"column":30}},"4":{"start":{"line":54,"column":18},"end":{"line":54,"column":43}},"5":{"start":{"line":55,"column":27},"end":{"line":55,"column":50}},"6":{"start":{"line":57,"column":23},"end":{"line":99,"column":3}},"7":{"start":{"line":59,"column":6},"end":{"line":96,"column":7}},"8":{"start":{"line":60,"column":8},"end":{"line":62,"column":9}},"9":{"start":{"line":61,"column":10},"end":{"line":61,"column":40}},"10":{"start":{"line":64,"column":23},"end":{"line":69,"column":10}},"11":{"start":{"line":71,"column":8},"end":{"line":73,"column":11}},"12":{"start":{"line":75,"column":8},"end":{"line":78,"column":11}},"13":{"start":{"line":80,"column":8},"end":{"line":88,"column":9}},"14":{"start":{"line":81,"column":25},"end":{"line":81,"column":49}},"15":{"start":{"line":83,"column":10},"end":{"line":85,"column":11}},"16":{"start":{"line":84,"column":12},"end":{"line":84,"column":46}},"17":{"start":{"line":87,"column":10},"end":{"line":87,"column":17}},"18":{"start":{"line":90,"column":8},"end":{"line":90,"column":25}},"19":{"start":{"line":92,"column":8},"end":{"line":95,"column":10}},"20":{"start":{"line":101,"column":2},"end":{"line":170,"column":4}},"21":{"start":{"line":129,"column":18},"end":{"line":129,"column":52}},"22":{"start":{"line":141,"column":18},"end":{"line":141,"column":48}},"23":{"start":{"line":147,"column":18},"end":{"line":147,"column":48}},"24":{"start":{"line":163,"column":10},"end":{"line":163,"column":40}}},"fnMap":{"0":{"name":"(anonymous_0)","decl":{"start":{"line":49,"column":25},"end":{"line":49,"column":26}},"loc":{"start":{"line":49,"column":31},"end":{"line":171,"column":1}},"line":49},"1":{"name":"(anonymous_1)","decl":{"start":{"line":58,"column":4},"end":{"line":58,"column":5}},"loc":{"start":{"line":58,"column":36},"end":{"line":97,"column":5}},"line":58},"2":{"name":"(anonymous_2)","decl":{"start":{"line":128,"column":33},"end":{"line":128,"column":34}},"loc":{"start":{"line":128,"column":39},"end":{"line":130,"column":17}},"line":128},"3":{"name":"(anonymous_3)","decl":{"start":{"line":140,"column":33},"end":{"line":140,"column":34}},"loc":{"start":{"line":140,"column":39},"end":{"line":142,"column":17}},"line":140},"4":{"name":"(anonymous_4)","decl":{"start":{"line":146,"column":25},"end":{"line":146,"column":26}},"loc":{"start":{"line":146,"column":31},"end":{"line":148,"column":17}},"line":146},"5":{"name":"(anonymous_5)","decl":{"start":{"line":162,"column":17},"end":{"line":162,"column":18}},"loc":{"start":{"line":162,"column":23},"end":{"line":164,"column":9}},"line":162}},"branchMap":{"0":{"loc":{"start":{"line":60,"column":8},"end":{"line":62,"column":9}},"type":"if","locations":[{"start":{"line":60,"column":8},"end":{"line":62,"column":9}},{"start":{"line":60,"column":8},"end":{"line":62,"column":9}}],"line":60},"1":{"loc":{"start":{"line":80,"column":8},"end":{"line":88,"column":9}},"type":"if","locations":[{"start":{"line":80,"column":8},"end":{"line":88,"column":9}},{"start":{"line":80,"column":8},"end":{"line":88,"column":9}}],"line":80},"2":{"loc":{"start":{"line":83,"column":10},"end":{"line":85,"column":11}},"type":"if","locations":[{"start":{"line":83,"column":10},"end":{"line":85,"column":11}},{"start":{"line":83,"column":10},"end":{"line":85,"column":11}}],"line":83},"3":{"loc":{"start":{"line":106,"column":18},"end":{"line":106,"column":63}},"type":"cond-expr","locations":[{"start":{"line":106,"column":42},"end":{"line":106,"column":51}},{"start":{"line":106,"column":54},"end":{"line":106,"column":63}}],"line":106}},"s":{"0":1,"1":1,"2":1,"3":1,"4":1,"5":1,"6":1,"7":0,"8":0,"9":0,"10":0,"11":0,"12":0,"13":0,"14":0,"15":0,"16":0,"17":0,"18":0,"19":0,"20":1,"21":0,"22":0,"23":0,"24":0},"f":{"0":1,"1":0,"2":0,"3":0,"4":0,"5":0},"b":{"0":[0,0],"1":[0,0],"2":[0,0],"3":[1,0]},"_coverageSchema":"1a1c01bbd47fc00a2c39e90264f33305004495a9","hash":"95f55bad91143e1926b49846a79f829be668204e"}
,"/home/mp-023/www/go-barber/mobile/src/pages/SignIn/styles.ts": {"path":"/home/mp-023/www/go-barber/mobile/src/pages/SignIn/styles.ts","statementMap":{"0":{"start":{"line":5,"column":25},"end":{"line":10,"column":1}},"1":{"start":{"line":12,"column":21},"end":{"line":18,"column":1}},"2":{"start":{"line":20,"column":30},"end":{"line":22,"column":1}},"3":{"start":{"line":24,"column":34},"end":{"line":28,"column":1}},"4":{"start":{"line":30,"column":35},"end":{"line":43,"column":1}},"5":{"start":{"line":45,"column":39},"end":{"line":50,"column":1}}},"fnMap":{},"branchMap":{"0":{"loc":{"start":{"line":9,"column":20},"end":{"line":9,"column":56}},"type":"cond-expr","locations":[{"start":{"line":9,"column":48},"end":{"line":9,"column":51}},{"start":{"line":9,"column":54},"end":{"line":9,"column":56}}],"line":9}},"s":{"0":1,"1":1,"2":1,"3":1,"4":1,"5":1},"f":{},"b":{"0":[0,1]},"_coverageSchema":"1a1c01bbd47fc00a2c39e90264f33305004495a9","hash":"75990fc6d72731864d02360b518a6586b96944c8"}
,"/home/mp-023/www/go-barber/mobile/src/services/api.ts": {"path":"/home/mp-023/www/go-barber/mobile/src/services/api.ts","statementMap":{"0":{"start":{"line":3,"column":12},"end":{"line":5,"column":2}}},"fnMap":{},"branchMap":{},"s":{"0":1},"f":{},"b":{},"_coverageSchema":"1a1c01bbd47fc00a2c39e90264f33305004495a9","hash":"03bfd6807339e53e490cff889fb423fc589df9eb"}
,"/home/mp-023/www/go-barber/mobile/src/utils/getValidationErrors.ts": {"path":"/home/mp-023/www/go-barber/mobile/src/utils/getValidationErrors.ts","statementMap":{"0":{"start":{"line":10,"column":41},"end":{"line":10,"column":43}},"1":{"start":{"line":12,"column":2},"end":{"line":14,"column":5}},"2":{"start":{"line":13,"column":4},"end":{"line":13,"column":49}},"3":{"start":{"line":16,"column":2},"end":{"line":16,"column":26}}},"fnMap":{"0":{"name":"getValidationErrors","decl":{"start":{"line":7,"column":24},"end":{"line":7,"column":43}},"loc":{"start":{"line":9,"column":16},"end":{"line":17,"column":1}},"line":9},"1":{"name":"(anonymous_1)","decl":{"start":{"line":12,"column":20},"end":{"line":12,"column":21}},"loc":{"start":{"line":12,"column":29},"end":{"line":14,"column":3}},"line":12}},"branchMap":{},"s":{"0":0,"1":0,"2":0,"3":0},"f":{"0":0,"1":0},"b":{},"_coverageSchema":"1a1c01bbd47fc00a2c39e90264f33305004495a9","hash":"9ff6d42af2965dab78a82bedcabb09e3d4441233"}
}
