TN:
SF:src/assets/logo.png
FNF:0
FNH:0
DA:1,1
LF:1
LH:1
BRF:0
BRH:0
end_of_record
TN:
SF:src/components/Button/index.tsx
FN:10,(anonymous_0)
FNF:1
FNH:1
FNDA:1,(anonymous_0)
DA:10,1
DA:11,1
LF:2
LH:2
BRF:0
BRH:0
end_of_record
TN:
SF:src/components/Button/styles.ts
FNF:0
FNH:0
DA:4,1
DA:15,1
LF:2
LH:2
BRF:0
BRH:0
end_of_record
TN:
SF:src/components/Input/index.tsx
FN:29,(anonymous_0)
FN:42,(anonymous_1)
FN:46,(anonymous_2)
FN:52,(anonymous_3)
FN:53,(anonymous_4)
FN:58,(anonymous_5)
FN:64,(anonymous_6)
FN:68,(anonymous_7)
FN:90,(anonymous_8)
FNF:9
FNH:3
FNDA:2,(anonymous_0)
FNDA:0,(anonymous_1)
FNDA:0,(anonymous_2)
FNDA:1,(anonymous_3)
FNDA:0,(anonymous_4)
FNDA:2,(anonymous_5)
FNDA:0,(anonymous_6)
FNDA:0,(anonymous_7)
FNDA:0,(anonymous_8)
DA:29,1
DA:33,2
DA:35,2
DA:37,2
DA:39,2
DA:40,2
DA:42,2
DA:43,0
DA:46,2
DA:47,0
DA:49,0
DA:52,2
DA:54,0
DA:58,2
DA:60,2
DA:65,0
DA:66,0
DA:69,0
DA:70,0
DA:75,2
DA:91,0
LF:21
LH:12
BRDA:30,0,0,2
BRDA:35,1,0,2
BRDA:80,2,0,0
BRDA:80,2,1,2
BRDA:80,3,0,2
BRDA:80,3,1,2
BRF:6
BRH:5
end_of_record
TN:
SF:src/components/Input/styles.ts
FN:22,(anonymous_0)
FN:26,(anonymous_1)
FNF:2
FNH:2
FNDA:2,(anonymous_0)
FNDA:2,(anonymous_1)
DA:9,1
DA:22,2
DA:26,2
DA:31,1
DA:38,1
LF:5
LH:5
BRDA:22,0,0,2
BRDA:22,0,1,0
BRDA:26,1,0,2
BRDA:26,1,1,0
BRF:4
BRH:2
end_of_record
TN:
SF:src/hooks/auth.tsx
FN:38,(anonymous_0)
FN:45,(anonymous_1)
FN:46,loadStoragedData
FN:67,(anonymous_3)
FN:87,(anonymous_4)
FN:94,(anonymous_5)
FN:114,useAuth
FNF:7
FNH:1
FNDA:0,(anonymous_0)
FNDA:0,(anonymous_1)
FNDA:0,loadStoragedData
FNDA:0,(anonymous_3)
FNDA:0,(anonymous_4)
FNDA:0,(anonymous_5)
FNDA:1,useAuth
DA:36,1
DA:38,1
DA:39,0
DA:42,0
DA:45,0
DA:47,0
DA:52,0
DA:53,0
DA:55,0
DA:61,0
DA:64,0
DA:67,0
DA:68,0
DA:73,0
DA:75,0
DA:77,0
DA:82,0
DA:84,0
DA:87,0
DA:88,0
DA:90,0
DA:93,0
DA:95,0
DA:97,0
DA:105,0
DA:115,1
DA:117,1
DA:118,0
DA:121,1
LF:29
LH:5
BRDA:52,0,0,0
BRDA:52,0,1,0
BRDA:52,1,0,0
BRDA:52,1,1,0
BRDA:117,2,0,0
BRDA:117,2,1,1
BRF:6
BRH:1
end_of_record
TN:
SF:src/pages/SignIn/index.tsx
FN:49,(anonymous_0)
FN:58,(anonymous_1)
FN:128,(anonymous_2)
FN:140,(anonymous_3)
FN:146,(anonymous_4)
FN:162,(anonymous_5)
FNF:6
FNH:1
FNDA:1,(anonymous_0)
FNDA:0,(anonymous_1)
FNDA:0,(anonymous_2)
FNDA:0,(anonymous_3)
FNDA:0,(anonymous_4)
FNDA:0,(anonymous_5)
DA:39,1
DA:49,1
DA:50,1
DA:52,1
DA:54,1
DA:55,1
DA:57,1
DA:59,0
DA:60,0
DA:61,0
DA:64,0
DA:71,0
DA:75,0
DA:80,0
DA:81,0
DA:83,0
DA:84,0
DA:87,0
DA:90,0
DA:92,0
DA:101,1
DA:129,0
DA:141,0
DA:147,0
DA:163,0
LF:25
LH:8
BRDA:60,0,0,0
BRDA:60,0,1,0
BRDA:80,1,0,0
BRDA:80,1,1,0
BRDA:83,2,0,0
BRDA:83,2,1,0
BRDA:106,3,0,1
BRDA:106,3,1,0
BRF:8
BRH:1
end_of_record
TN:
SF:src/pages/SignIn/styles.ts
FNF:0
FNH:0
DA:5,1
DA:12,1
DA:20,1
DA:24,1
DA:30,1
DA:45,1
LF:6
LH:6
BRDA:9,0,0,0
BRDA:9,0,1,1
BRF:2
BRH:1
end_of_record
TN:
SF:src/services/api.ts
FNF:0
FNH:0
DA:3,1
LF:1
LH:1
BRF:0
BRH:0
end_of_record
TN:
SF:src/utils/getValidationErrors.ts
FN:7,getValidationErrors
FN:12,(anonymous_1)
FNF:2
FNH:0
FNDA:0,getValidationErrors
FNDA:0,(anonymous_1)
DA:10,0
DA:12,0
DA:13,0
DA:16,0
LF:4
LH:0
BRF:0
BRH:0
end_of_record
